<?xml version="1.0" encoding="UTF-8"?>
<testng-results ignored="0" total="2" passed="2" failed="0" skipped="0">
  <reporter-output>
  </reporter-output>
  <suite started-at="2024-11-20T17:03:04 IST" name="Default suite" finished-at="2024-11-20T17:05:17 IST" duration-ms="132455">
    <groups>
    </groups>
    <test started-at="2024-11-20T17:03:04 IST" name="Default test" finished-at="2024-11-20T17:05:17 IST" duration-ms="132455">
      <class name="com.test.Login.UserLogin">
        <test-method is-config="true" signature="reference()[pri:0, instance:com.test.Login.UserLogin@6bd61f98]" started-at="2024-11-20T17:03:03 IST" name="reference" finished-at="2024-11-20T17:03:04 IST" duration-ms="1652" status="PASS">
          <reporter-output>
          </reporter-output>
        </test-method> <!-- reference -->
        <test-method signature="RUNALL(java.util.Map,org.testng.ITestContext)[pri:0, instance:com.test.Login.UserLogin@6bd61f98]" started-at="2024-11-20T17:03:06 IST" name="RUNALL" data-provider="TestData" finished-at="2024-11-20T17:05:17 IST" duration-ms="130754" status="PASS">
          <params>
            <param index="0">
              <value>
                <![CDATA[{=, Employee=Linita Shivalkar, Employee1=Kiran Jayakumar, EWCType=Work from Home, fromDate=13, fromMonth=NOV, fromYear=2024, LeaveRequester=Clement Joseph, project= Swiss solutions inc , Reason=Test Script Added, RejectCommnents=Test Cases Rejected, Run=Yes, TestScenario=TC_EWCLeaveRequestModule, toDate=15, toMonth=NOV, toYear=2024}]]>
              </value>
            </param>
            <param index="1">
              <value>
                <![CDATA[org.testng.TestRunner@4d48bd85]]>
              </value>
            </param>
          </params>
          <reporter-output>
          </reporter-output>
        </test-method> <!-- RUNALL -->
        <test-method signature="RUNALL(java.util.Map,org.testng.ITestContext)[pri:0, instance:com.test.Login.UserLogin@6bd61f98]" started-at="2024-11-20T17:05:17 IST" name="RUNALL" data-provider="TestData" finished-at="2024-11-20T17:05:17 IST" duration-ms="3" status="PASS">
          <params>
            <param index="0">
              <value>
                <![CDATA[{=, Employee=, Employee1=, EWCType= Client Holiday , fromDate=, fromMonth=, fromYear=, LeaveRequester=, project=, Reason=, RejectCommnents=, Run=, TestScenario=, toDate=, toMonth=, toYear=}]]>
              </value>
            </param>
            <param index="1">
              <value>
                <![CDATA[org.testng.TestRunner@4d48bd85]]>
              </value>
            </param>
          </params>
          <reporter-output>
          </reporter-output>
        </test-method> <!-- RUNALL -->
      </class> <!-- com.test.Login.UserLogin -->
    </test> <!-- Default test -->
  </suite> <!-- Default suite -->
</testng-results>
